<?xml version="1.0" encoding="UTF-8"?>
<!-- Generated by org.testng.reporters.JUnitReportReporter -->
<testsuite hostname="LAPTOP-OQRM63HH" failures="0" tests="1" name="com.actitime.testscripts.CustomerModule" time="20.947" errors="0" timestamp="2022-03-22T19:56:29 IST" skipped="0">
  <testcase classname="com.actitime.testscripts.CustomerModule" name="testCreateCustomer" time="20.947"/>
  <system-out>
    <![CDATA[createcustomer
Customer is successfully is created]]>
  </system-out>
</testsuite> <!-- com.actitime.testscripts.CustomerModule -->
